<?xml version="1.0" encoding="UTF-8"?>
<robot generator="Robot 3.1.2 (Python 3.8.0 on win32)" generated="20200313 15:33:38.948" rpa="false">
<suite id="s1" name="Amazon Login" source="C:\Users\Alina\Desktop\Automation\AutomatingAmazonWithRobot\amazon_login.robot">
<test id="s1-t1" name="Add Product To Cart">
<kw name="Create List" library="BuiltIn">
<doc>Returns a list containing given items.</doc>
<arguments>
<arg>Apple</arg>
<arg>Ball</arg>
<arg>Coffee</arg>
<arg>Tie</arg>
<arg>Umbrella</arg>
<arg>Cat</arg>
<arg>Dog</arg>
<arg>Toys</arg>
<arg>T-shirt</arg>
<arg>Diapers</arg>
<arg>Colgate</arg>
<arg>Kitchen</arg>
<arg>Toilet</arg>
<arg>Lipstick</arg>
<arg>Shampoo</arg>
<arg>TV</arg>
<arg>Piano</arg>
<arg>alarm</arg>
<arg>Fork</arg>
<arg>notepad</arg>
<arg>humster</arg>
<arg>snickers</arg>
<arg>bar</arg>
<arg>lock</arg>
<arg>clock</arg>
<arg>toothbrush</arg>
<arg>Loreal</arg>
<arg>Samsung</arg>
<arg>Yamaha</arg>
<arg>Monster</arg>
<arg>Gift</arg>
<arg>Holder</arg>
<arg>Cup</arg>
<arg>Book</arg>
<arg>cup</arg>
<arg>cake</arg>
<arg>brother</arg>
<arg>Nespresso</arg>
<arg>Perl</arg>
<arg>Jewerly</arg>
<arg>Potty</arg>
<arg>water</arg>
<arg>laptop</arg>
<arg>pods</arg>
<arg>always</arg>
<arg>flower</arg>
<arg>solution</arg>
<arg>Xbox</arg>
</arguments>
<assign>
<var>${products}</var>
</assign>
<msg timestamp="20200313 15:33:40.100" level="INFO">${products} = ['Apple', 'Ball', 'Coffee', 'Tie', 'Umbrella', 'Cat', 'Dog', 'Toys', 'T-shirt', 'Diapers', 'Colgate', 'Kitchen', 'Toilet', 'Lipstick', 'Shampoo', 'TV', 'Piano', 'alarm', 'Fork', 'notepad', 'humster', ...</msg>
<status status="PASS" starttime="20200313 15:33:40.100" endtime="20200313 15:33:40.100"></status>
</kw>
<kw name="Set Variable" library="BuiltIn">
<doc>Returns the given values which can then be assigned to a variables.</doc>
<arguments>
<arg>${products}</arg>
</arguments>
<status status="PASS" starttime="20200313 15:33:40.101" endtime="20200313 15:33:40.101"></status>
</kw>
<kw name="Open Amazon In Browser" library="Keywords">
<doc>*Open Amazon In Browser*</doc>
<kw name="Run Keyword If" library="BuiltIn">
<doc>Runs the given keyword with the given arguments, if ``condition`` is true.</doc>
<arguments>
<arg>$url.lower() == 'france'</arg>
<arg>Set Variable</arg>
<arg>https://amazon.fr</arg>
<arg>ELSE IF</arg>
<arg>$url.lower() == 'germany'</arg>
<arg>Set Variable</arg>
<arg>https://amazon.de</arg>
<arg>ELSE IF</arg>
<arg>$url.lower() == 'japan'</arg>
<arg>Set Variable</arg>
<arg>https://amazon.co.jp</arg>
<arg>ELSE IF</arg>
<arg>$url.lower() == 'uk'</arg>
<arg>Set Variable</arg>
<arg>https://amazon.co.uk</arg>
<arg>ELSE IF</arg>
<arg>$url.lower() == 'india'</arg>
<arg>Set Variable</arg>
<arg>https://amazon.in</arg>
<arg>ELSE</arg>
<arg>Set Variable</arg>
<arg>${url}</arg>
</arguments>
<assign>
<var>${url}</var>
</assign>
<kw name="Set Variable" library="BuiltIn">
<doc>Returns the given values which can then be assigned to a variables.</doc>
<arguments>
<arg>${url}</arg>
</arguments>
<status status="PASS" starttime="20200313 15:33:40.108" endtime="20200313 15:33:40.108"></status>
</kw>
<msg timestamp="20200313 15:33:40.108" level="INFO">${url} = https://amazon.com</msg>
<status status="PASS" starttime="20200313 15:33:40.102" endtime="20200313 15:33:40.108"></status>
</kw>
<kw name="Open Browser" library="SeleniumLibrary">
<doc>Opens a new browser instance to the optional ``url``.</doc>
<arguments>
<arg>url=${url}</arg>
<arg>browser=${browser}</arg>
</arguments>
<msg timestamp="20200313 15:33:40.109" level="INFO">Opening browser 'gc' to base url 'https://amazon.com'.</msg>
<status status="PASS" starttime="20200313 15:33:40.108" endtime="20200313 15:33:47.140"></status>
</kw>
<kw name="Maximize Browser Window" library="SeleniumLibrary">
<doc>Maximizes current browser window.</doc>
<status status="PASS" starttime="20200313 15:33:47.140" endtime="20200313 15:33:51.310"></status>
</kw>
<status status="PASS" starttime="20200313 15:33:40.102" endtime="20200313 15:33:51.310"></status>
</kw>
<kw name="Evaluate" library="BuiltIn">
<doc>Evaluates the given expression in Python and returns the results.</doc>
<arguments>
<arg>random.choice(${products})</arg>
<arg>random</arg>
</arguments>
<assign>
<var>${word}</var>
</assign>
<msg timestamp="20200313 15:33:51.311" level="INFO">${word} = Jewerly</msg>
<status status="PASS" starttime="20200313 15:33:51.310" endtime="20200313 15:33:51.311"></status>
</kw>
<kw name="Input Text" library="SeleniumLibrary">
<doc>Types the given ``text`` into the text field identified by ``locator``.</doc>
<arguments>
<arg>id=twotabsearchtextbox</arg>
<arg>${word}</arg>
</arguments>
<msg timestamp="20200313 15:33:51.311" level="INFO">Typing text 'Jewerly' into text field 'id=twotabsearchtextbox'.</msg>
<status status="PASS" starttime="20200313 15:33:51.311" endtime="20200313 15:33:51.508"></status>
</kw>
<kw name="Click Element" library="SeleniumLibrary">
<doc>Click the element identified by ``locator``.</doc>
<arguments>
<arg>css:.nav-search-submit</arg>
</arguments>
<msg timestamp="20200313 15:33:51.509" level="INFO">Clicking element 'css:.nav-search-submit'.</msg>
<status status="PASS" starttime="20200313 15:33:51.508" endtime="20200313 15:33:53.627"></status>
</kw>
<kw name="Click Element" library="SeleniumLibrary">
<doc>Click the element identified by ``locator``.</doc>
<arguments>
<arg>css:.a-text-normal</arg>
</arguments>
<msg timestamp="20200313 15:33:53.628" level="INFO">Clicking element 'css:.a-text-normal'.</msg>
<status status="PASS" starttime="20200313 15:33:53.628" endtime="20200313 15:33:53.784"></status>
</kw>
<kw name="Element Should Be Visible" library="SeleniumLibrary">
<doc>Verifies that the element identified by ``locator`` is visible.</doc>
<arguments>
<arg>xpath=//a[contains(@target,'_top') and contains(@data-click-index, '0') and contains(@class, 'sb_1')]</arg>
</arguments>
<msg timestamp="20200313 15:33:53.821" level="INFO">Element 'xpath=//a[contains(@target,'_top') and contains(@data-click-index, '0') and contains(@class, 'sb_1')]' is displayed.</msg>
<status status="PASS" starttime="20200313 15:33:53.785" endtime="20200313 15:33:53.822"></status>
</kw>
<kw name="Element Should Be Visible" library="SeleniumLibrary">
<doc>Verifies that the element identified by ``locator`` is visible.</doc>
<arguments>
<arg>xpath=//a[contains(@target,'_top') and contains(@data-click-index, '1') and contains(@class, 'sb_1')]</arg>
</arguments>
<msg timestamp="20200313 15:33:53.849" level="INFO">Element 'xpath=//a[contains(@target,'_top') and contains(@data-click-index, '1') and contains(@class, 'sb_1')]' is displayed.</msg>
<status status="PASS" starttime="20200313 15:33:53.822" endtime="20200313 15:33:53.849"></status>
</kw>
<kw name="Element Should Be Visible" library="SeleniumLibrary">
<doc>Verifies that the element identified by ``locator`` is visible.</doc>
<arguments>
<arg>xpath=//a[contains(@target,'_top') and contains(@data-click-index, '2') and contains(@class, 'sb_1')]</arg>
</arguments>
<msg timestamp="20200313 15:33:53.872" level="INFO">Element 'xpath=//a[contains(@target,'_top') and contains(@data-click-index, '2') and contains(@class, 'sb_1')]' is displayed.</msg>
<status status="PASS" starttime="20200313 15:33:53.850" endtime="20200313 15:33:53.872"></status>
</kw>
<kw name="Element Should Be Visible" library="SeleniumLibrary">
<doc>Verifies that the element identified by ``locator`` is visible.</doc>
<arguments>
<arg>xpath=//span[contains(@class,'sb_3') and contains(@data-click-el,'title') and contains(@style,'-webkit-line-clamp: 2')]</arg>
</arguments>
<kw name="Capture Page Screenshot" library="SeleniumLibrary">
<doc>Takes a screenshot of the current page and embeds it into a log file.</doc>
<msg timestamp="20200313 15:33:54.280" level="INFO" html="yes">&lt;/td&gt;&lt;/tr&gt;&lt;tr&gt;&lt;td colspan="3"&gt;&lt;a href="selenium-screenshot-19.png"&gt;&lt;img src="selenium-screenshot-19.png" width="800px"&gt;&lt;/a&gt;</msg>
<status status="PASS" starttime="20200313 15:33:53.886" endtime="20200313 15:33:54.280"></status>
</kw>
<msg timestamp="20200313 15:33:54.282" level="FAIL">Element with locator 'xpath=//span[contains(@class,'sb_3') and contains(@data-click-el,'title') and contains(@style,'-webkit-line-clamp: 2')]' not found.</msg>
<status status="FAIL" starttime="20200313 15:33:53.873" endtime="20200313 15:33:54.282"></status>
</kw>
<doc>*Add Product To Cart*

*Steps:*

1. Search for any random product.

2. Select the first product from the Sponsored Addnoptions.

3.</doc>
<status status="FAIL" starttime="20200313 15:33:40.099" endtime="20200313 15:33:54.282" critical="yes">Element with locator 'xpath=//span[contains(@class,'sb_3') and contains(@data-click-el,'title') and contains(@style,'-webkit-line-clamp: 2')]' not found.</status>
</test>
<status status="FAIL" starttime="20200313 15:33:38.954" endtime="20200313 15:33:54.285"></status>
</suite>
<statistics>
<total>
<stat pass="0" fail="1">Critical Tests</stat>
<stat pass="0" fail="1">All Tests</stat>
</total>
<tag>
</tag>
<suite>
<stat pass="0" fail="1" id="s1" name="Amazon Login">Amazon Login</stat>
</suite>
</statistics>
<errors>
<msg timestamp="20200313 15:33:38.942" level="ERROR">Error in file 'C:\Users\Alina\Desktop\Automation\AutomatingAmazonWithRobot\amazon_login.robot': Invalid syntax in test case 'Add Product To Cart': Non-existing setting 'text()[contains(., '${xpathFullName}')]'.</msg>
</errors>
</robot>
