<?xml version="1.0" encoding="UTF-8"?>
<robot generator="Robot 3.1.2 (Python 3.8.0 on win32)" generated="20200313 10:27:50.512" rpa="false">
<suite id="s1" name="Amazon Login" source="C:\Users\Alina\Desktop\robot\amazon_login.robot">
<test id="s1-t1" name="Add Product To Cart">
<kw name="Create List" library="BuiltIn">
<doc>Returns a list containing given items.</doc>
<arguments>
<arg>Apple</arg>
<arg>Ball</arg>
<arg>Coffee</arg>
<arg>Tie</arg>
<arg>Umbrella</arg>
<arg>Cat</arg>
<arg>Dog</arg>
<arg>Toys</arg>
<arg>T-shirt</arg>
<arg>Diapers</arg>
<arg>Colgate</arg>
<arg>Kitchen</arg>
<arg>Toilet</arg>
<arg>Lipstick</arg>
<arg>Shampoo</arg>
<arg>TV</arg>
<arg>Piano</arg>
<arg>Table</arg>
<arg>Fork</arg>
<arg>notepad</arg>
<arg>humster</arg>
<arg>snickers</arg>
<arg>bar</arg>
<arg>lock</arg>
<arg>clock</arg>
<arg>toothbrush</arg>
<arg>Loreal</arg>
<arg>Samsung</arg>
<arg>Yamaha</arg>
<arg>Monster</arg>
<arg>Gift</arg>
<arg>CD</arg>
<arg>Holder</arg>
<arg>Cup</arg>
<arg>Book</arg>
<arg>cup</arg>
<arg>cake</arg>
<arg>brother</arg>
<arg>Nespresso</arg>
<arg>Perl</arg>
<arg>Jewerly</arg>
<arg>Potty</arg>
<arg>water</arg>
<arg>laptop</arg>
<arg>pods</arg>
<arg>always</arg>
<arg>flower</arg>
<arg>solution</arg>
<arg>Xbox</arg>
</arguments>
<assign>
<var>${products}</var>
</assign>
<msg timestamp="20200313 10:27:51.458" level="INFO">${products} = ['Apple', 'Ball', 'Coffee', 'Tie', 'Umbrella', 'Cat', 'Dog', 'Toys', 'T-shirt', 'Diapers', 'Colgate', 'Kitchen', 'Toilet', 'Lipstick', 'Shampoo', 'TV', 'Piano', 'Table', 'Fork', 'notepad', 'humster', ...</msg>
<status status="PASS" starttime="20200313 10:27:51.458" endtime="20200313 10:27:51.458"></status>
</kw>
<kw name="Set Variable" library="BuiltIn">
<doc>Returns the given values which can then be assigned to a variables.</doc>
<arguments>
<arg>${products}</arg>
</arguments>
<status status="PASS" starttime="20200313 10:27:51.459" endtime="20200313 10:27:51.459"></status>
</kw>
<kw name="Open Amazon In Browser" library="Keywords">
<doc>*Open Amazon In Browser*</doc>
<kw name="Run Keyword If" library="BuiltIn">
<doc>Runs the given keyword with the given arguments, if ``condition`` is true.</doc>
<arguments>
<arg>$url.lower() == 'france'</arg>
<arg>Set Variable</arg>
<arg>https://amazon.fr</arg>
<arg>ELSE IF</arg>
<arg>$url.lower() == 'germany'</arg>
<arg>Set Variable</arg>
<arg>https://amazon.de</arg>
<arg>ELSE IF</arg>
<arg>$url.lower() == 'japan'</arg>
<arg>Set Variable</arg>
<arg>https://amazon.co.jp</arg>
<arg>ELSE IF</arg>
<arg>$url.lower() == 'uk'</arg>
<arg>Set Variable</arg>
<arg>https://amazon.co.uk</arg>
<arg>ELSE IF</arg>
<arg>$url.lower() == 'india'</arg>
<arg>Set Variable</arg>
<arg>https://amazon.in</arg>
<arg>ELSE</arg>
<arg>Set Variable</arg>
<arg>${url}</arg>
</arguments>
<assign>
<var>${url}</var>
</assign>
<kw name="Set Variable" library="BuiltIn">
<doc>Returns the given values which can then be assigned to a variables.</doc>
<arguments>
<arg>${url}</arg>
</arguments>
<status status="PASS" starttime="20200313 10:27:51.465" endtime="20200313 10:27:51.466"></status>
</kw>
<msg timestamp="20200313 10:27:51.466" level="INFO">${url} = https://amazon.com</msg>
<status status="PASS" starttime="20200313 10:27:51.459" endtime="20200313 10:27:51.466"></status>
</kw>
<kw name="Open Browser" library="SeleniumLibrary">
<doc>Opens a new browser instance to the optional ``url``.</doc>
<arguments>
<arg>url=${url}</arg>
<arg>browser=${browser}</arg>
</arguments>
<msg timestamp="20200313 10:27:51.466" level="INFO">Opening browser 'gc' to base url 'https://amazon.com'.</msg>
<status status="PASS" starttime="20200313 10:27:51.466" endtime="20200313 10:27:59.002"></status>
</kw>
<kw name="Maximize Browser Window" library="SeleniumLibrary">
<doc>Maximizes current browser window.</doc>
<status status="PASS" starttime="20200313 10:27:59.002" endtime="20200313 10:28:03.233"></status>
</kw>
<status status="PASS" starttime="20200313 10:27:51.459" endtime="20200313 10:28:03.233"></status>
</kw>
<kw name="Evaluate" library="BuiltIn">
<doc>Evaluates the given expression in Python and returns the results.</doc>
<arguments>
<arg>random.choice(${products})</arg>
<arg>random</arg>
</arguments>
<assign>
<var>${word}</var>
</assign>
<msg timestamp="20200313 10:28:03.234" level="INFO">${word} = flower</msg>
<status status="PASS" starttime="20200313 10:28:03.233" endtime="20200313 10:28:03.234"></status>
</kw>
<kw name="Input Text" library="SeleniumLibrary">
<doc>Types the given ``text`` into the text field identified by ``locator``.</doc>
<arguments>
<arg>id=twotabsearchtextbox</arg>
<arg>${word}</arg>
</arguments>
<msg timestamp="20200313 10:28:03.234" level="INFO">Typing text 'flower' into text field 'id=twotabsearchtextbox'.</msg>
<status status="PASS" starttime="20200313 10:28:03.234" endtime="20200313 10:28:03.457"></status>
</kw>
<kw name="Click Element" library="SeleniumLibrary">
<doc>Click the element identified by ``locator``.</doc>
<arguments>
<arg>css:.nav-search-submit</arg>
</arguments>
<msg timestamp="20200313 10:28:03.457" level="INFO">Clicking element 'css:.nav-search-submit'.</msg>
<status status="PASS" starttime="20200313 10:28:03.457" endtime="20200313 10:28:06.539"></status>
</kw>
<kw name="Click Element" library="SeleniumLibrary">
<doc>Click the element identified by ``locator``.</doc>
<arguments>
<arg>css:.a-text-normal</arg>
</arguments>
<msg timestamp="20200313 10:28:06.540" level="INFO">Clicking element 'css:.a-text-normal'.</msg>
<status status="PASS" starttime="20200313 10:28:06.540" endtime="20200313 10:28:06.699"></status>
</kw>
<kw name="Click Element" library="SeleniumLibrary">
<doc>Click the element identified by ``locator``.</doc>
<arguments>
<arg>//*[@id="search"]/div[1]/div[2]/div/span[4]/div[1]/div[1]/div/span/div/div/div/div/div[2]/h2/a</arg>
</arguments>
<msg timestamp="20200313 10:28:06.700" level="INFO">Clicking element '//*[@id="search"]/div[1]/div[2]/div/span[4]/div[1]/div[1]/div/span/div/div/div/div/div[2]/h2/a'.</msg>
<status status="PASS" starttime="20200313 10:28:06.700" endtime="20200313 10:28:10.108"></status>
</kw>
<kw name="Click Element" library="SeleniumLibrary">
<doc>Click the element identified by ``locator``.</doc>
<arguments>
<arg>id=add-to-cart-button</arg>
</arguments>
<msg timestamp="20200313 10:28:10.109" level="INFO">Clicking element 'id=add-to-cart-button'.</msg>
<status status="PASS" starttime="20200313 10:28:10.108" endtime="20200313 10:28:11.373"></status>
</kw>
<kw name="Click Element" library="SeleniumLibrary">
<doc>Click the element identified by ``locator``.</doc>
<arguments>
<arg>id=hlb-view-cart-announce</arg>
</arguments>
<msg timestamp="20200313 10:28:11.374" level="INFO">Clicking element 'id=hlb-view-cart-announce'.</msg>
<status status="PASS" starttime="20200313 10:28:11.373" endtime="20200313 10:28:12.606"></status>
</kw>
<kw name="Element Should Contain" library="SeleniumLibrary">
<doc>Verifies that element ``locator`` contains text ``expected``.</doc>
<arguments>
<arg>span.a-size-medium.sc-product-title</arg>
<arg>${word}</arg>
</arguments>
<kw name="Capture Page Screenshot" library="SeleniumLibrary">
<doc>Takes a screenshot of the current page and embeds it into a log file.</doc>
<msg timestamp="20200313 10:28:13.072" level="INFO" html="yes">&lt;/td&gt;&lt;/tr&gt;&lt;tr&gt;&lt;td colspan="3"&gt;&lt;a href="selenium-screenshot-28.png"&gt;&lt;img src="selenium-screenshot-28.png" width="800px"&gt;&lt;/a&gt;</msg>
<status status="PASS" starttime="20200313 10:28:12.627" endtime="20200313 10:28:13.072"></status>
</kw>
<msg timestamp="20200313 10:28:13.082" level="FAIL">Element with locator 'span.a-size-medium.sc-product-title' not found.</msg>
<status status="FAIL" starttime="20200313 10:28:12.607" endtime="20200313 10:28:13.082"></status>
</kw>
<status status="FAIL" starttime="20200313 10:27:51.457" endtime="20200313 10:28:13.083" critical="yes">Element with locator 'span.a-size-medium.sc-product-title' not found.</status>
</test>
<status status="FAIL" starttime="20200313 10:27:50.515" endtime="20200313 10:28:13.088"></status>
</suite>
<statistics>
<total>
<stat pass="0" fail="1">Critical Tests</stat>
<stat pass="0" fail="1">All Tests</stat>
</total>
<tag>
</tag>
<suite>
<stat pass="0" fail="1" id="s1" name="Amazon Login">Amazon Login</stat>
</suite>
</statistics>
<errors>
</errors>
</robot>
