<?xml version="1.0" encoding="UTF-8"?>
<robot generator="Robot 3.1.2 (Python 3.8.0 on win32)" generated="20200313 17:03:31.962" rpa="false">
<suite id="s1" name="Search For Product And Add To Cart" source="C:\Users\Alina\Desktop\Automation\AutomatingAmazonWithRobot\Test Cases\Search For Product And Add To Cart.robot">
<test id="s1-t1" name="Search For Product And Add To Cart">
<kw name="Create List" library="BuiltIn">
<doc>Returns a list containing given items.</doc>
<arguments>
<arg>Apple</arg>
<arg>Ball</arg>
<arg>Coffee</arg>
<arg>Tie</arg>
<arg>Umbrella</arg>
<arg>Cat</arg>
<arg>Dog</arg>
<arg>Toys</arg>
<arg>T-shirt</arg>
<arg>Diapers</arg>
<arg>Colgate</arg>
<arg>Kitchen</arg>
<arg>Toilet</arg>
<arg>Lipstick</arg>
<arg>Shampoo</arg>
<arg>TV</arg>
<arg>Piano</arg>
<arg>alarm</arg>
<arg>Fork</arg>
<arg>notepad</arg>
<arg>humster</arg>
<arg>snickers</arg>
<arg>bar</arg>
<arg>lock</arg>
<arg>clock</arg>
<arg>toothbrush</arg>
<arg>Loreal</arg>
<arg>Samsung</arg>
<arg>Yamaha</arg>
<arg>Monster</arg>
<arg>Gift</arg>
<arg>Holder</arg>
<arg>Cup</arg>
<arg>Book</arg>
<arg>cup</arg>
<arg>cake</arg>
<arg>brother</arg>
<arg>Nespresso</arg>
<arg>Perl</arg>
<arg>Jewerly</arg>
<arg>Potty</arg>
<arg>water</arg>
<arg>laptop</arg>
<arg>pods</arg>
<arg>always</arg>
<arg>flower</arg>
<arg>solution</arg>
<arg>Xbox</arg>
</arguments>
<assign>
<var>${products}</var>
</assign>
<msg timestamp="20200313 17:03:32.485" level="INFO">${products} = ['Apple', 'Ball', 'Coffee', 'Tie', 'Umbrella', 'Cat', 'Dog', 'Toys', 'T-shirt', 'Diapers', 'Colgate', 'Kitchen', 'Toilet', 'Lipstick', 'Shampoo', 'TV', 'Piano', 'alarm', 'Fork', 'notepad', 'humster', ...</msg>
<status status="PASS" starttime="20200313 17:03:32.484" endtime="20200313 17:03:32.485"></status>
</kw>
<kw name="Set Test Variable" library="BuiltIn">
<doc>Makes a variable available everywhere within the scope of the current test.</doc>
<arguments>
<arg>${products}</arg>
</arguments>
<msg timestamp="20200313 17:03:32.486" level="INFO">${products} = ['Apple', 'Ball', 'Coffee', 'Tie', 'Umbrella', 'Cat', 'Dog', 'Toys', 'T-shirt', 'Diapers', 'Colgate', 'Kitchen', 'Toilet', 'Lipstick', 'Shampoo', 'TV', 'Piano', 'alarm', 'Fork', 'notepad', 'humster', ...</msg>
<status status="PASS" starttime="20200313 17:03:32.485" endtime="20200313 17:03:32.486"></status>
</kw>
<kw name="Open Amazon In Browser" library="Keywords">
<doc>*Open Amazon In Browser*</doc>
<kw name="Run Keyword If" library="BuiltIn">
<doc>Runs the given keyword with the given arguments, if ``condition`` is true.</doc>
<arguments>
<arg>$url.lower() == 'france'</arg>
<arg>Set Variable</arg>
<arg>https://amazon.fr</arg>
<arg>ELSE IF</arg>
<arg>$url.lower() == 'germany'</arg>
<arg>Set Variable</arg>
<arg>https://amazon.de</arg>
<arg>ELSE IF</arg>
<arg>$url.lower() == 'japan'</arg>
<arg>Set Variable</arg>
<arg>https://amazon.co.jp</arg>
<arg>ELSE IF</arg>
<arg>$url.lower() == 'uk'</arg>
<arg>Set Variable</arg>
<arg>https://amazon.co.uk</arg>
<arg>ELSE IF</arg>
<arg>$url.lower() == 'india'</arg>
<arg>Set Variable</arg>
<arg>https://amazon.in</arg>
<arg>ELSE</arg>
<arg>Set Variable</arg>
<arg>${url}</arg>
</arguments>
<assign>
<var>${url}</var>
</assign>
<kw name="Set Variable" library="BuiltIn">
<doc>Returns the given values which can then be assigned to a variables.</doc>
<arguments>
<arg>${url}</arg>
</arguments>
<status status="PASS" starttime="20200313 17:03:32.492" endtime="20200313 17:03:32.493"></status>
</kw>
<msg timestamp="20200313 17:03:32.493" level="INFO">${url} = https://amazon.com</msg>
<status status="PASS" starttime="20200313 17:03:32.486" endtime="20200313 17:03:32.493"></status>
</kw>
<kw name="Open Browser" library="SeleniumLibrary">
<doc>Opens a new browser instance to the optional ``url``.</doc>
<arguments>
<arg>url=${url}</arg>
<arg>browser=${browser}</arg>
</arguments>
<msg timestamp="20200313 17:03:32.493" level="INFO">Opening browser 'gc' to base url 'https://amazon.com'.</msg>
<status status="PASS" starttime="20200313 17:03:32.493" endtime="20200313 17:03:39.507"></status>
</kw>
<kw name="Maximize Browser Window" library="SeleniumLibrary">
<doc>Maximizes current browser window.</doc>
<status status="PASS" starttime="20200313 17:03:39.507" endtime="20200313 17:03:43.743"></status>
</kw>
<status status="PASS" starttime="20200313 17:03:32.486" endtime="20200313 17:03:43.744"></status>
</kw>
<kw name="Evaluate" library="BuiltIn">
<doc>Evaluates the given expression in Python and returns the results.</doc>
<arguments>
<arg>random.choice(${products})</arg>
<arg>random</arg>
</arguments>
<assign>
<var>${word}</var>
</assign>
<msg timestamp="20200313 17:03:43.745" level="INFO">${word} = Apple</msg>
<status status="PASS" starttime="20200313 17:03:43.744" endtime="20200313 17:03:43.745"></status>
</kw>
<kw name="Input Text" library="SeleniumLibrary">
<doc>Types the given ``text`` into the text field identified by ``locator``.</doc>
<arguments>
<arg>id=twotabsearchtextbox</arg>
<arg>${word}</arg>
</arguments>
<msg timestamp="20200313 17:03:43.746" level="INFO">Typing text 'Apple' into text field 'id=twotabsearchtextbox'.</msg>
<status status="PASS" starttime="20200313 17:03:43.746" endtime="20200313 17:03:44.104"></status>
</kw>
<kw name="Click Element" library="SeleniumLibrary">
<doc>Click the element identified by ``locator``.</doc>
<arguments>
<arg>css:.nav-search-submit</arg>
</arguments>
<msg timestamp="20200313 17:03:44.105" level="INFO">Clicking element 'css:.nav-search-submit'.</msg>
<status status="PASS" starttime="20200313 17:03:44.105" endtime="20200313 17:03:45.425"></status>
</kw>
<kw name="Click Element" library="SeleniumLibrary">
<doc>Click the element identified by ``locator``.</doc>
<arguments>
<arg>css:.a-text-normal</arg>
</arguments>
<msg timestamp="20200313 17:03:45.425" level="INFO">Clicking element 'css:.a-text-normal'.</msg>
<status status="PASS" starttime="20200313 17:03:45.425" endtime="20200313 17:03:45.560"></status>
</kw>
<kw name="Click Element" library="SeleniumLibrary">
<doc>Click the element identified by ``locator``.</doc>
<arguments>
<arg>xpath=//a[contains(@target,'_top') and contains(@data-click-index, '0') and contains(@class, 'sb_1')]</arg>
</arguments>
<msg timestamp="20200313 17:03:45.561" level="INFO">Clicking element 'xpath=//a[contains(@target,'_top') and contains(@data-click-index, '0') and contains(@class, 'sb_1')]'.</msg>
<status status="PASS" starttime="20200313 17:03:45.561" endtime="20200313 17:03:45.661"></status>
</kw>
<kw name="Sleep" library="BuiltIn">
<doc>Pauses the test executed for the given time.</doc>
<arguments>
<arg>10 sec</arg>
</arguments>
<msg timestamp="20200313 17:03:55.663" level="INFO">Slept 10 seconds</msg>
<status status="PASS" starttime="20200313 17:03:45.662" endtime="20200313 17:03:55.663"></status>
</kw>
<kw name="Click Element" library="SeleniumLibrary">
<doc>Click the element identified by ``locator``.</doc>
<arguments>
<arg>xpath=//*[@id="add-to-cart-button"]</arg>
</arguments>
<msg timestamp="20200313 17:03:55.664" level="INFO">Clicking element 'xpath=//*[@id="add-to-cart-button"]'.</msg>
<status status="PASS" starttime="20200313 17:03:55.663" endtime="20200313 17:03:55.813"></status>
</kw>
<kw name="Click Element" library="SeleniumLibrary">
<doc>Click the element identified by ``locator``.</doc>
<arguments>
<arg>id=hlb-view-cart-announce</arg>
</arguments>
<msg timestamp="20200313 17:03:55.814" level="INFO">Clicking element 'id=hlb-view-cart-announce'.</msg>
<kw name="Capture Page Screenshot" library="SeleniumLibrary">
<doc>Takes a screenshot of the current page and embeds it into a log file.</doc>
<msg timestamp="20200313 17:03:56.229" level="INFO" html="yes">&lt;/td&gt;&lt;/tr&gt;&lt;tr&gt;&lt;td colspan="3"&gt;&lt;a href="selenium-screenshot-1.png"&gt;&lt;img src="selenium-screenshot-1.png" width="800px"&gt;&lt;/a&gt;</msg>
<status status="PASS" starttime="20200313 17:03:55.824" endtime="20200313 17:03:56.229"></status>
</kw>
<msg timestamp="20200313 17:03:56.231" level="FAIL">Element with locator 'id=hlb-view-cart-announce' not found.</msg>
<status status="FAIL" starttime="20200313 17:03:55.813" endtime="20200313 17:03:56.231"></status>
</kw>
<doc>*Search For Product And Add To Cart*

*Steps:*

1. Create a list of products.

2. Search for any random product from thr list.

3. Chose product from results.

4. Verify'Add To Cart' button is visible.

5. Add item to the cart.

6. Navigate To The Cart and Verify Item was added.</doc>
<status status="FAIL" starttime="20200313 17:03:32.484" endtime="20200313 17:03:56.232" critical="yes">Element with locator 'id=hlb-view-cart-announce' not found.</status>
</test>
<status status="FAIL" starttime="20200313 17:03:31.964" endtime="20200313 17:03:56.234"></status>
</suite>
<statistics>
<total>
<stat pass="0" fail="1">Critical Tests</stat>
<stat pass="0" fail="1">All Tests</stat>
</total>
<tag>
</tag>
<suite>
<stat pass="0" fail="1" id="s1" name="Search For Product And Add To Cart">Search For Product And Add To Cart</stat>
</suite>
</statistics>
<errors>
</errors>
</robot>
